<?xml version="1.0" encoding="UTF-8"?>
<!-- Generated by org.testng.reporters.JUnitReportReporter -->
<testsuite hostname="SHREE" failures="0" tests="1" name="extentReport.practice.ExtentReportDemo" time="44.924" errors="0" timestamp="2024-01-02T22:58:38 IST" skipped="0">
  <testcase classname="extentReport.practice.ExtentReportDemo" name="launchBrowser" time="44.924"/>
</testsuite> <!-- extentReport.practice.ExtentReportDemo -->
